{
  "stats": {
    "suites": 1,
    "tests": 3,
    "passes": 3,
    "pending": 0,
    "failures": 0,
    "start": "2022-09-14T15:16:43.844Z",
    "end": "2022-09-14T15:16:56.648Z",
    "duration": 12804,
    "testsRegistered": 3,
    "passPercent": 100,
    "pendingPercent": 0,
    "other": 0,
    "hasOther": false,
    "skipped": 0,
    "hasSkipped": false
  },
  "results": [
    {
      "uuid": "5335ad0e-2d4f-441e-a74a-d644e4b9571d",
      "title": "",
      "fullFile": "cypress/e2e/validateDiscount.js",
      "file": "cypress/e2e/validateDiscount.js",
      "beforeHooks": [],
      "afterHooks": [],
      "tests": [],
      "suites": [
        {
          "uuid": "4b79fa54-409d-4472-8631-57bd2f67c00a",
          "title": "to validate discount coupon",
          "fullFile": "",
          "file": "",
          "beforeHooks": [],
          "afterHooks": [],
          "tests": [
            {
              "title": "to add a product that matches a criteria through Navigation bar",
              "fullTitle": "to validate discount coupon to add a product that matches a criteria through Navigation bar",
              "timedOut": null,
              "duration": 3884,
              "state": "passed",
              "speed": "fast",
              "pass": true,
              "fail": false,
              "pending": false,
              "context": null,
              "code": "_homePage.default.homePageIsVisible();\n_navbarPage.default.clickNavBarSofas();\n_productsPage.default.visibleProductsList();\ncy.get(_productsPage.default.product).should('have.length', 9); //assert 9 products are visible\ncy.get(_productsPage.default.product).each(($el, index, $list) => {\n  //select the product that contains 'ivory'\n  const productName = $el.find('.description').text();\n  if (productName.includes('Ivory')) {\n    cy.wrap($el).click();\n  }\n});",
              "err": {},
              "uuid": "3ecf7e1d-eda9-45af-8374-033e17a5176f",
              "parentUUID": "4b79fa54-409d-4472-8631-57bd2f67c00a",
              "isHook": false,
              "skipped": false
            },
            {
              "title": "applies discount coupon and validates error message",
              "fullTitle": "to validate discount coupon applies discount coupon and validates error message",
              "timedOut": null,
              "duration": 2916,
              "state": "passed",
              "speed": "fast",
              "pass": true,
              "fail": false,
              "pending": false,
              "context": null,
              "code": "//**** adds a product to cart ****\n_navbarPage.default.clickNavBarSofas();\n_productsPage.default.clickProduct(_sofaData.default.sofa1);\n_productDetailsPage.default.clickAddToCart(); // *** goes to cart through navigation bar and applies discount coupon***\n\n_navbarPage.default.clickNavbarCart();\ncy.get(_checkOutPage.default.enterDiscountCode).type(_discountCode.default.discountcode1);\n_checkOutPage.default.clickApplyDiscount();\n_checkOutPage.default.invalidCouponAlert();",
              "err": {},
              "uuid": "d7db2876-77da-42e8-a04b-9f1709ed3273",
              "parentUUID": "4b79fa54-409d-4472-8631-57bd2f67c00a",
              "isHook": false,
              "skipped": false
            },
            {
              "title": "verifies that price is unchanged after invalid disc coupon",
              "fullTitle": "to validate discount coupon verifies that price is unchanged after invalid disc coupon",
              "timedOut": null,
              "duration": 3916,
              "state": "passed",
              "speed": "fast",
              "pass": true,
              "fail": false,
              "pending": false,
              "context": null,
              "code": "_navbarPage.default.clickNavBarSofas();\n_productsPage.default.clickProduct(_sofaData.default.sofa1);\n_productDetailsPage.default.clickAddToCart();\n_navbarPage.default.clickNavbarCart();\ncy.get(_checkOutPage.default.summaryPrice).invoke('text').as('priceBeforeCoupon');\ncy.get(_checkOutPage.default.enterDiscountCode).type(_discountCode.default.discountcode1);\n_checkOutPage.default.clickApplyDiscount();\ncy.get(_checkOutPage.default.summaryPrice).invoke('text').as('priceAfterCoupon');\ncy.then(() => {\n  expect(this.priceBeforeCoupon).to.equal(this.priceAfterCoupon);\n});",
              "err": {},
              "uuid": "7aed24e0-1707-4b70-9b11-a11f748682c0",
              "parentUUID": "4b79fa54-409d-4472-8631-57bd2f67c00a",
              "isHook": false,
              "skipped": false
            }
          ],
          "suites": [],
          "passes": [
            "3ecf7e1d-eda9-45af-8374-033e17a5176f",
            "d7db2876-77da-42e8-a04b-9f1709ed3273",
            "7aed24e0-1707-4b70-9b11-a11f748682c0"
          ],
          "failures": [],
          "pending": [],
          "skipped": [],
          "duration": 10716,
          "root": false,
          "rootEmpty": false,
          "_timeout": 2000
        }
      ],
      "passes": [],
      "failures": [],
      "pending": [],
      "skipped": [],
      "duration": 0,
      "root": true,
      "rootEmpty": true,
      "_timeout": 2000
    }
  ],
  "meta": {
    "mocha": {
      "version": "7.0.1"
    },
    "mochawesome": {
      "options": {
        "quiet": false,
        "reportFilename": "mochawesome",
        "saveHtml": true,
        "saveJson": true,
        "consoleReporter": "spec",
        "useInlineDiffs": false,
        "code": true
      },
      "version": "7.1.3"
    },
    "marge": {
      "options": null,
      "version": "6.2.0"
    }
  }
}